0 info it worked if it ends with ok
1 verbose cli [ 'c:\\Users\\mamacdon\\code\\nodist\\bin\\node.exe',
1 verbose cli   'c:\\Users\\mamacdon\\code\\nodist\\bin\\node_modules\\npm\\bin\\npm-cli.js',
1 verbose cli   'version',
1 verbose cli   'minor' ]
2 info using npm@1.2.17
3 info using node@v0.8.9
4 silly exec git "status" "--porcelain"
5 silly git,status,--porcelain, spawning
6 error Error: Git working directory not clean.
6 error M  lib/orion-deferred/Deferred.js
6 error     at c:\Users\mamacdon\code\nodist\bin\node_modules\npm\lib\version.js:82:33
6 error     at c:\Users\mamacdon\code\nodist\bin\node_modules\npm\node_modules\once\once.js:17:15
6 error     at ChildProcess.<anonymous> (c:\Users\mamacdon\code\nodist\bin\node_modules\npm\lib\utils\exec.js:64:5)
6 error     at ChildProcess.EventEmitter.emit (events.js:91:17)
6 error     at maybeClose (child_process.js:638:16)
6 error     at Process._handle.onexit (child_process.js:680:5)
7 error If you need help, you may report this log at:
7 error     <http://github.com/isaacs/npm/issues>
7 error or email it to:
7 error     <npm-@googlegroups.com>
8 error System Windows_NT 6.1.7601
9 error command "c:\\Users\\mamacdon\\code\\nodist\\bin\\node.exe" "c:\\Users\\mamacdon\\code\\nodist\\bin\\node_modules\\npm\\bin\\npm-cli.js" "version" "minor"
10 error cwd c:\Users\mamacdon\code\github\deferred-fs
11 error node -v v0.8.9
12 error npm -v 1.2.17
13 verbose exit [ 1, true ]
